<?xml version="1.0" encoding="utf-8"?><testsuites name="pytest tests"><testsuite name="pytest" errors="0" failures="0" skipped="0" tests="12" time="9.409" timestamp="2026-06-01T13:18:31.691225+00:00" hostname="agent-env-965ae8f9-e4c5-4608-a9b5-2e5ab07022e3"><testcase classname="backend.tests.test_api.TestDashboard" name="test_dashboard_status" time="0.230" /><testcase classname="backend.tests.test_api.TestDashboard" name="test_dashboard_overview_fields" time="0.163" /><testcase classname="backend.tests.test_api.TestDashboard" name="test_dashboard_channels" time="0.135" /><testcase classname="backend.tests.test_api.TestDashboard" name="test_dashboard_monthly_trend" time="0.112" /><testcase classname="backend.tests.test_api.TestDashboard" name="test_dashboard_funnel" time="0.107" /><testcase classname="backend.tests.test_api.TestRecommendations" name="test_recommendations_status" time="0.110" /><testcase classname="backend.tests.test_api.TestRecommendations" name="test_recommendations_findings" time="0.147" /><testcase classname="backend.tests.test_api.TestRecommendations" name="test_recommendations_actions" time="0.144" /><testcase classname="backend.tests.test_api.TestRecommendations" name="test_recommendations_structure" time="0.125" /><testcase classname="backend.tests.test_api.TestChat" name="test_chat_basic" time="2.539" /><testcase classname="backend.tests.test_api.TestChat" name="test_chat_session_continuity" time="1.444" /><testcase classname="backend.tests.test_api.TestChat" name="test_chat_history" time="3.969" /></testsuite></testsuites>